# JRE version: Java(TM) SE Runtime Environment (21.0.2+13) (build 21.0.2+13-LTS-58)
# Java VM: Java HotSpot(TM) 64-Bit Server VM (21.0.2+13-LTS-58, mixed mode, sharing, tiered, compressed oops, compressed class ptrs, g1 gc, windows-amd64)
GC Precious Log:
 CardTable entry size: 512
 Card Set container configuration: InlinePtr #cards 5 size 8 Array Of Cards #cards 12 size 40 Howl #buckets 4 coarsen threshold 1843 Howl Bitmap #cards 512 size 80 coarsen threshold 460 Card regions per heap region 1 cards per card region 2048
 CPUs: 4 total, 4 available
 Memory: 3971M
 Large Page Support: Disabled
 NUMA Support: Disabled
 Compressed Oops: Enabled (32-bit)
 Heap Region Size: 1M
 Heap Min Capacity: 8M
 Heap Initial Capacity: 64M
 Heap Max Capacity: 994M
 Pre-touch: Disabled
 Parallel Workers: 4
 Concurrent Workers: 1
 Concurrent Refinement Workers: 4
 Periodic GC: Disabled
Heap:
 garbage-first heap   total 97280K, used 47477K [0x00000000c1e00000, 0x0000000100000000)
  region size 1024K, 9 young (9216K), 1 survivors (1024K)
 Metaspace       used 12671K, committed 12928K, reserved 1114112K
  class space    used 1327K, committed 1408K, reserved 1048576K
GC Heap History (20 events):
Event: 27.672 GC heap before
{Heap before GC invocations=82 (full 0):
 garbage-first heap   total 97280K, used 51539K [0x00000000c1e00000, 0x0000000100000000)
  region size 1024K, 11 young (11264K), 1 survivors (1024K)
 Metaspace       used 12647K, committed 12864K, reserved 1114112K
  class space    used 1325K, committed 1408K, reserved 1048576K
}
Event: 27.674 GC heap after
{Heap after GC invocations=83 (full 0):
 garbage-first heap   total 97280K, used 23895K [0x00000000c1e00000, 0x0000000100000000)
  region size 1024K, 1 young (1024K), 1 survivors (1024K)
 Metaspace       used 12647K, committed 12864K, reserved 1114112K
  class space    used 1325K, committed 1408K, reserved 1048576K
}
Event: 27.994 GC heap before
{Heap before GC invocations=83 (full 0):
 garbage-first heap   total 97280K, used 56663K [0x00000000c1e00000, 0x0000000100000000)
  region size 1024K, 16 young (16384K), 1 survivors (1024K)
 Metaspace       used 12669K, committed 12928K, reserved 1114112K
  class space    used 1327K, committed 1408K, reserved 1048576K
}
Event: 27.995 GC heap after
{Heap after GC invocations=84 (full 0):
 garbage-first heap   total 97280K, used 32090K [0x00000000c1e00000, 0x0000000100000000)
  region size 1024K, 1 young (1024K), 1 survivors (1024K)
 Metaspace       used 12669K, committed 12928K, reserved 1114112K
  class space    used 1327K, committed 1408K, reserved 1048576K
}
Event: 28.137 GC heap before
{Heap before GC invocations=84 (full 0):
 garbage-first heap   total 97280K, used 48474K [0x00000000c1e00000, 0x0000000100000000)
  region size 1024K, 8 young (8192K), 1 survivors (1024K)
 Metaspace       used 12669K, committed 12928K, reserved 1114112K
  class space    used 1327K, committed 1408K, reserved 1048576K
}
Event: 28.139 GC heap after
{Heap after GC invocations=85 (full 0):
 garbage-first heap   total 97280K, used 23979K [0x00000000c1e00000, 0x0000000100000000)
  region size 1024K, 1 young (1024K), 1 survivors (1024K)
 Metaspace       used 12669K, committed 12928K, reserved 1114112K
  class space    used 1327K, committed 1408K, reserved 1048576K
}
Event: 28.472 GC heap before
{Heap before GC invocations=85 (full 0):
 garbage-first heap   total 97280K, used 55723K [0x00000000c1e00000, 0x0000000100000000)
  region size 1024K, 15 young (15360K), 1 survivors (1024K)
 Metaspace       used 12669K, committed 12928K, reserved 1114112K
  class space    used 1327K, committed 1408K, reserved 1048576K
}
Event: 28.473 GC heap after
{Heap after GC invocations=86 (full 0):
 garbage-first heap   total 97280K, used 30044K [0x00000000c1e00000, 0x0000000100000000)
  region size 1024K, 1 young (1024K), 1 survivors (1024K)
 Metaspace       used 12669K, committed 12928K, reserved 1114112K
  class space    used 1327K, committed 1408K, reserved 1048576K
}
Event: 28.666 GC heap before
{Heap before GC invocations=86 (full 0):
 garbage-first heap   total 97280K, used 49500K [0x00000000c1e00000, 0x0000000100000000)
  region size 1024K, 10 young (10240K), 1 survivors (1024K)
 Metaspace       used 12669K, committed 12928K, reserved 1114112K
  class space    used 1327K, committed 1408K, reserved 1048576K
}
Event: 28.668 GC heap after
{Heap after GC invocations=87 (full 0):
 garbage-first heap   total 97280K, used 25952K [0x00000000c1e00000, 0x0000000100000000)
  region size 1024K, 1 young (1024K), 1 survivors (1024K)
 Metaspace       used 12669K, committed 12928K, reserved 1114112K
  class space    used 1327K, committed 1408K, reserved 1048576K
}
Event: 28.939 GC heap before
{Heap before GC invocations=87 (full 0):
 garbage-first heap   total 97280K, used 53600K [0x00000000c1e00000, 0x0000000100000000)
  region size 1024K, 13 young (13312K), 1 survivors (1024K)
 Metaspace       used 12669K, committed 12928K, reserved 1114112K
  class space    used 1327K, committed 1408K, reserved 1048576K
}
Event: 28.941 GC heap after
{Heap after GC invocations=88 (full 0):
 garbage-first heap   total 97280K, used 25954K [0x00000000c1e00000, 0x0000000100000000)
  region size 1024K, 1 young (1024K), 1 survivors (1024K)
 Metaspace       used 12669K, committed 12928K, reserved 1114112K
  class space    used 1327K, committed 1408K, reserved 1048576K
}
Event: 29.212 GC heap before
{Heap before GC invocations=88 (full 0):
 garbage-first heap   total 97280K, used 53602K [0x00000000c1e00000, 0x0000000100000000)
  region size 1024K, 13 young (13312K), 1 survivors (1024K)
 Metaspace       used 12671K, committed 12928K, reserved 1114112K
  class space    used 1327K, committed 1408K, reserved 1048576K
}
Event: 29.214 GC heap after
{Heap after GC invocations=89 (full 0):
 garbage-first heap   total 97280K, used 30058K [0x00000000c1e00000, 0x0000000100000000)
  region size 1024K, 1 young (1024K), 1 survivors (1024K)
 Metaspace       used 12671K, committed 12928K, reserved 1114112K
  class space    used 1327K, committed 1408K, reserved 1048576K
}
Event: 29.402 GC heap before
{Heap before GC invocations=89 (full 0):
 garbage-first heap   total 97280K, used 50538K [0x00000000c1e00000, 0x0000000100000000)
  region size 1024K, 10 young (10240K), 1 survivors (1024K)
 Metaspace       used 12671K, committed 12928K, reserved 1114112K
  class space    used 1327K, committed 1408K, reserved 1048576K
}
Event: 29.403 GC heap after
{Heap after GC invocations=90 (full 0):
 garbage-first heap   total 97280K, used 23917K [0x00000000c1e00000, 0x0000000100000000)
  region size 1024K, 1 young (1024K), 1 survivors (1024K)
 Metaspace       used 12671K, committed 12928K, reserved 1114112K
  class space    used 1327K, committed 1408K, reserved 1048576K
}
Event: 29.676 GC heap before
{Heap before GC invocations=90 (full 0):
 garbage-first heap   total 97280K, used 52589K [0x00000000c1e00000, 0x0000000100000000)
  region size 1024K, 13 young (13312K), 1 survivors (1024K)
 Metaspace       used 12671K, committed 12928K, reserved 1114112K
  class space    used 1327K, committed 1408K, reserved 1048576K
}
Event: 29.677 GC heap after
{Heap after GC invocations=91 (full 0):
 garbage-first heap   total 97280K, used 28099K [0x00000000c1e00000, 0x0000000100000000)
  region size 1024K, 1 young (1024K), 1 survivors (1024K)
 Metaspace       used 12671K, committed 12928K, reserved 1114112K
  class space    used 1327K, committed 1408K, reserved 1048576K
}
Event: 29.943 GC heap before
{Heap before GC invocations=91 (full 0):
 garbage-first heap   total 97280K, used 52675K [0x00000000c1e00000, 0x0000000100000000)
  region size 1024K, 13 young (13312K), 1 survivors (1024K)
 Metaspace       used 12671K, committed 12928K, reserved 1114112K
  class space    used 1327K, committed 1408K, reserved 1048576K
}
Event: 29.945 GC heap after
{Heap after GC invocations=92 (full 0):
 garbage-first heap   total 97280K, used 30069K [0x00000000c1e00000, 0x0000000100000000)
  region size 1024K, 1 young (1024K), 1 survivors (1024K)
 Metaspace       used 12671K, committed 12928K, reserved 1114112K
  class space    used 1327K, committed 1408K, reserved 1048576K
}

